-------------------------------------------------------------------------------
Test set: com.bandtec.exercicios.relacionamento.CarrinhoTest
-------------------------------------------------------------------------------
Tests run: 21, Failures: 19, Errors: 0, Skipped: 0, Time elapsed: 0.076 sec <<< FAILURE!
com.bandtec.exercicios.relacionamento.CarrinhoTest.testGetQuantidadePorCategoriaQuandoAcionadoEListaPossui3ProdutosComCategoriaDeveRetornar3()  Time elapsed: 0.056 sec  <<< FAILURE!
org.opentest4j.AssertionFailedError: expected: <3> but was: <null>
	at org.junit.jupiter.api.AssertionUtils.fail(AssertionUtils.java:55)
	at org.junit.jupiter.api.AssertionUtils.failNotEqual(AssertionUtils.java:62)
	at org.junit.jupiter.api.AssertEquals.assertEquals(AssertEquals.java:182)
	at org.junit.jupiter.api.AssertEquals.assertEquals(AssertEquals.java:177)
	at org.junit.jupiter.api.Assertions.assertEquals(Assertions.java:517)
	at com.bandtec.exercicios.relacionamento.CarrinhoTest.testGetQuantidadePorCategoriaQuandoAcionadoEListaPossui3ProdutosComCategoriaDeveRetornar3(CarrinhoTest.java:85)

com.bandtec.exercicios.relacionamento.CarrinhoTest.testGetPorNomeQuandoAcionadoEExisteProdutoComNomeInformadoDeveRetornarObjeto()  Time elapsed: 0 sec  <<< FAILURE!
org.opentest4j.AssertionFailedError: expected: <----------PRODUTO----------Nome: Dell G5 15.6Categoria: NotebooksPreço: R$8785,00----------> but was: <null>
	at org.junit.jupiter.api.AssertionUtils.fail(AssertionUtils.java:55)
	at org.junit.jupiter.api.AssertionUtils.failNotEqual(AssertionUtils.java:62)
	at org.junit.jupiter.api.AssertEquals.assertEquals(AssertEquals.java:182)
	at org.junit.jupiter.api.AssertEquals.assertEquals(AssertEquals.java:177)
	at org.junit.jupiter.api.Assertions.assertEquals(Assertions.java:1124)
	at com.bandtec.exercicios.relacionamento.CarrinhoTest.testGetPorNomeQuandoAcionadoEExisteProdutoComNomeInformadoDeveRetornarObjeto(CarrinhoTest.java:151)

com.bandtec.exercicios.relacionamento.CarrinhoTest.testGetValorTotalQuandoAcionadoEListaEstaVaziaDeveRetorna0()  Time elapsed: 0.001 sec  <<< FAILURE!
org.opentest4j.AssertionFailedError: expected: <0.0> but was: <null>
	at org.junit.jupiter.api.AssertionUtils.fail(AssertionUtils.java:55)
	at org.junit.jupiter.api.AssertionUtils.failNotEqual(AssertionUtils.java:62)
	at org.junit.jupiter.api.AssertEquals.assertEquals(AssertEquals.java:182)
	at org.junit.jupiter.api.AssertEquals.assertEquals(AssertEquals.java:177)
	at org.junit.jupiter.api.Assertions.assertEquals(Assertions.java:877)
	at com.bandtec.exercicios.relacionamento.CarrinhoTest.testGetValorTotalQuandoAcionadoEListaEstaVaziaDeveRetorna0(CarrinhoTest.java:169)

com.bandtec.exercicios.relacionamento.CarrinhoTest.testGetValorTotalQuandoAcionadoEListaTemTotalDe158695Deve158695()  Time elapsed: 0.001 sec  <<< FAILURE!
org.opentest4j.AssertionFailedError: expected: <15869.5> but was: <null>
	at org.junit.jupiter.api.AssertionUtils.fail(AssertionUtils.java:55)
	at org.junit.jupiter.api.AssertionUtils.failNotEqual(AssertionUtils.java:62)
	at org.junit.jupiter.api.AssertEquals.assertEquals(AssertEquals.java:182)
	at org.junit.jupiter.api.AssertEquals.assertEquals(AssertEquals.java:177)
	at org.junit.jupiter.api.Assertions.assertEquals(Assertions.java:877)
	at com.bandtec.exercicios.relacionamento.CarrinhoTest.testGetValorTotalQuandoAcionadoEListaTemTotalDe158695Deve158695(CarrinhoTest.java:176)

com.bandtec.exercicios.relacionamento.CarrinhoTest.testAdicionarQuandoAcionadoComArgumentoNuloTamanhoDaListaNaoAumenta()  Time elapsed: 0.001 sec  <<< FAILURE!
org.opentest4j.AssertionFailedError: expected: <0> but was: <null>
	at org.junit.jupiter.api.AssertionUtils.fail(AssertionUtils.java:55)
	at org.junit.jupiter.api.AssertionUtils.failNotEqual(AssertionUtils.java:62)
	at org.junit.jupiter.api.AssertEquals.assertEquals(AssertEquals.java:182)
	at org.junit.jupiter.api.AssertEquals.assertEquals(AssertEquals.java:177)
	at org.junit.jupiter.api.Assertions.assertEquals(Assertions.java:517)
	at com.bandtec.exercicios.relacionamento.CarrinhoTest.testAdicionarQuandoAcionadoComArgumentoNuloTamanhoDaListaNaoAumenta(CarrinhoTest.java:33)

com.bandtec.exercicios.relacionamento.CarrinhoTest.testAdicionarQuandoAcionadoComArgumentoValidoTamanhoDaListaAumenta()  Time elapsed: 0.001 sec  <<< FAILURE!
org.opentest4j.AssertionFailedError: expected: <1> but was: <null>
	at org.junit.jupiter.api.AssertionUtils.fail(AssertionUtils.java:55)
	at org.junit.jupiter.api.AssertionUtils.failNotEqual(AssertionUtils.java:62)
	at org.junit.jupiter.api.AssertEquals.assertEquals(AssertEquals.java:182)
	at org.junit.jupiter.api.AssertEquals.assertEquals(AssertEquals.java:177)
	at org.junit.jupiter.api.Assertions.assertEquals(Assertions.java:517)
	at com.bandtec.exercicios.relacionamento.CarrinhoTest.testAdicionarQuandoAcionadoComArgumentoValidoTamanhoDaListaAumenta(CarrinhoTest.java:42)

com.bandtec.exercicios.relacionamento.CarrinhoTest.testAdicionarQuandoAcionadoComArgumentoValidoRepetidoTamanhoDaListaNaoAumenta()  Time elapsed: 0.002 sec  <<< FAILURE!
org.opentest4j.AssertionFailedError: expected: <1> but was: <null>
	at org.junit.jupiter.api.AssertionUtils.fail(AssertionUtils.java:55)
	at org.junit.jupiter.api.AssertionUtils.failNotEqual(AssertionUtils.java:62)
	at org.junit.jupiter.api.AssertEquals.assertEquals(AssertEquals.java:182)
	at org.junit.jupiter.api.AssertEquals.assertEquals(AssertEquals.java:177)
	at org.junit.jupiter.api.Assertions.assertEquals(Assertions.java:517)
	at com.bandtec.exercicios.relacionamento.CarrinhoTest.testAdicionarQuandoAcionadoComArgumentoValidoRepetidoTamanhoDaListaNaoAumenta(CarrinhoTest.java:52)

com.bandtec.exercicios.relacionamento.CarrinhoTest.testExistsPorNomeQuandoAcionadoComArgumentoNuloDeveRetornarFalse()  Time elapsed: 0 sec  <<< FAILURE!
java.lang.NullPointerException
	at com.bandtec.exercicios.relacionamento.CarrinhoTest.testExistsPorNomeQuandoAcionadoComArgumentoNuloDeveRetornarFalse(CarrinhoTest.java:58)

com.bandtec.exercicios.relacionamento.CarrinhoTest.testExistsPorNomeQuandoAcionadoComArgumentoNaoExistenteDeveRetornarFalse()  Time elapsed: 0.001 sec  <<< FAILURE!
java.lang.NullPointerException
	at com.bandtec.exercicios.relacionamento.CarrinhoTest.testExistsPorNomeQuandoAcionadoComArgumentoNaoExistenteDeveRetornarFalse(CarrinhoTest.java:65)

com.bandtec.exercicios.relacionamento.CarrinhoTest.testExistsPorNomeQuandoAcionadoComArgumentoExistenteDeveRetornarTrue()  Time elapsed: 0.003 sec  <<< FAILURE!
java.lang.NullPointerException
	at com.bandtec.exercicios.relacionamento.CarrinhoTest.testExistsPorNomeQuandoAcionadoComArgumentoExistenteDeveRetornarTrue(CarrinhoTest.java:72)

com.bandtec.exercicios.relacionamento.CarrinhoTest.testGetQuantidadePorCategoriaQuandoAcionadoEListaEstaVaziaDeveRetornar0()  Time elapsed: 0 sec  <<< FAILURE!
org.opentest4j.AssertionFailedError: expected: <0> but was: <null>
	at org.junit.jupiter.api.AssertionUtils.fail(AssertionUtils.java:55)
	at org.junit.jupiter.api.AssertionUtils.failNotEqual(AssertionUtils.java:62)
	at org.junit.jupiter.api.AssertEquals.assertEquals(AssertEquals.java:182)
	at org.junit.jupiter.api.AssertEquals.assertEquals(AssertEquals.java:177)
	at org.junit.jupiter.api.Assertions.assertEquals(Assertions.java:517)
	at com.bandtec.exercicios.relacionamento.CarrinhoTest.testGetQuantidadePorCategoriaQuandoAcionadoEListaEstaVaziaDeveRetornar0(CarrinhoTest.java:78)

com.bandtec.exercicios.relacionamento.CarrinhoTest.testGetQuantidadePorCategoriaQuandoAcionadoComArgumentoNuloDeveRetornar0()  Time elapsed: 0 sec  <<< FAILURE!
org.opentest4j.AssertionFailedError: expected: <0> but was: <null>
	at org.junit.jupiter.api.AssertionUtils.fail(AssertionUtils.java:55)
	at org.junit.jupiter.api.AssertionUtils.failNotEqual(AssertionUtils.java:62)
	at org.junit.jupiter.api.AssertEquals.assertEquals(AssertEquals.java:182)
	at org.junit.jupiter.api.AssertEquals.assertEquals(AssertEquals.java:177)
	at org.junit.jupiter.api.Assertions.assertEquals(Assertions.java:517)
	at com.bandtec.exercicios.relacionamento.CarrinhoTest.testGetQuantidadePorCategoriaQuandoAcionadoComArgumentoNuloDeveRetornar0(CarrinhoTest.java:92)

com.bandtec.exercicios.relacionamento.CarrinhoTest.testGetQuantidadeQuandoAcionadoEListaPossui5ItensDeveRetornar5()  Time elapsed: 0 sec  <<< FAILURE!
org.opentest4j.AssertionFailedError: expected: <5> but was: <null>
	at org.junit.jupiter.api.AssertionUtils.fail(AssertionUtils.java:55)
	at org.junit.jupiter.api.AssertionUtils.failNotEqual(AssertionUtils.java:62)
	at org.junit.jupiter.api.AssertEquals.assertEquals(AssertEquals.java:182)
	at org.junit.jupiter.api.AssertEquals.assertEquals(AssertEquals.java:177)
	at org.junit.jupiter.api.Assertions.assertEquals(Assertions.java:517)
	at com.bandtec.exercicios.relacionamento.CarrinhoTest.testGetQuantidadeQuandoAcionadoEListaPossui5ItensDeveRetornar5(CarrinhoTest.java:99)

com.bandtec.exercicios.relacionamento.CarrinhoTest.testGetQuantidadeQuandoAcionadoEListaEstaVaziaDeveRetornar0()  Time elapsed: 0.001 sec  <<< FAILURE!
org.opentest4j.AssertionFailedError: expected: <0> but was: <null>
	at org.junit.jupiter.api.AssertionUtils.fail(AssertionUtils.java:55)
	at org.junit.jupiter.api.AssertionUtils.failNotEqual(AssertionUtils.java:62)
	at org.junit.jupiter.api.AssertEquals.assertEquals(AssertEquals.java:182)
	at org.junit.jupiter.api.AssertEquals.assertEquals(AssertEquals.java:177)
	at org.junit.jupiter.api.Assertions.assertEquals(Assertions.java:517)
	at com.bandtec.exercicios.relacionamento.CarrinhoTest.testGetQuantidadeQuandoAcionadoEListaEstaVaziaDeveRetornar0(CarrinhoTest.java:105)

com.bandtec.exercicios.relacionamento.CarrinhoTest.testLimparQuandoAcionadoEListaEstaVaziaDeveRetornar0()  Time elapsed: 0 sec  <<< FAILURE!
org.opentest4j.AssertionFailedError: expected: <0> but was: <null>
	at org.junit.jupiter.api.AssertionUtils.fail(AssertionUtils.java:55)
	at org.junit.jupiter.api.AssertionUtils.failNotEqual(AssertionUtils.java:62)
	at org.junit.jupiter.api.AssertEquals.assertEquals(AssertEquals.java:182)
	at org.junit.jupiter.api.AssertEquals.assertEquals(AssertEquals.java:177)
	at org.junit.jupiter.api.Assertions.assertEquals(Assertions.java:517)
	at com.bandtec.exercicios.relacionamento.CarrinhoTest.testLimparQuandoAcionadoEListaEstaVaziaDeveRetornar0(CarrinhoTest.java:112)

com.bandtec.exercicios.relacionamento.CarrinhoTest.testLimparQuandoAcionadoEListaContem5ProdutosDeveRetornar0()  Time elapsed: 0.001 sec  <<< FAILURE!
org.opentest4j.AssertionFailedError: expected: <0> but was: <null>
	at org.junit.jupiter.api.AssertionUtils.fail(AssertionUtils.java:55)
	at org.junit.jupiter.api.AssertionUtils.failNotEqual(AssertionUtils.java:62)
	at org.junit.jupiter.api.AssertEquals.assertEquals(AssertEquals.java:182)
	at org.junit.jupiter.api.AssertEquals.assertEquals(AssertEquals.java:177)
	at org.junit.jupiter.api.Assertions.assertEquals(Assertions.java:517)
	at com.bandtec.exercicios.relacionamento.CarrinhoTest.testLimparQuandoAcionadoEListaContem5ProdutosDeveRetornar0(CarrinhoTest.java:120)

com.bandtec.exercicios.relacionamento.CarrinhoTest.testRemoverPorNomeQuandoAcionadoComNomeNuloNaoDeveAlterarTamanhoDaLista()  Time elapsed: 0.001 sec  <<< FAILURE!
org.opentest4j.AssertionFailedError: expected: <5> but was: <null>
	at org.junit.jupiter.api.AssertionUtils.fail(AssertionUtils.java:55)
	at org.junit.jupiter.api.AssertionUtils.failNotEqual(AssertionUtils.java:62)
	at org.junit.jupiter.api.AssertEquals.assertEquals(AssertEquals.java:182)
	at org.junit.jupiter.api.AssertEquals.assertEquals(AssertEquals.java:177)
	at org.junit.jupiter.api.Assertions.assertEquals(Assertions.java:517)
	at com.bandtec.exercicios.relacionamento.CarrinhoTest.testRemoverPorNomeQuandoAcionadoComNomeNuloNaoDeveAlterarTamanhoDaLista(CarrinhoTest.java:128)

com.bandtec.exercicios.relacionamento.CarrinhoTest.testRemoverPorNomeQuandoAcionadoComNomeNaoExistenteNaoDeveAlterarTamanhoDaLista()  Time elapsed: 0.001 sec  <<< FAILURE!
org.opentest4j.AssertionFailedError: expected: <5> but was: <null>
	at org.junit.jupiter.api.AssertionUtils.fail(AssertionUtils.java:55)
	at org.junit.jupiter.api.AssertionUtils.failNotEqual(AssertionUtils.java:62)
	at org.junit.jupiter.api.AssertEquals.assertEquals(AssertEquals.java:182)
	at org.junit.jupiter.api.AssertEquals.assertEquals(AssertEquals.java:177)
	at org.junit.jupiter.api.Assertions.assertEquals(Assertions.java:517)
	at com.bandtec.exercicios.relacionamento.CarrinhoTest.testRemoverPorNomeQuandoAcionadoComNomeNaoExistenteNaoDeveAlterarTamanhoDaLista(CarrinhoTest.java:136)

com.bandtec.exercicios.relacionamento.CarrinhoTest.testRemoverPorNomeQuandoAcionadoComNomeExistenteDeveAlterarTamanhoDaLista()  Time elapsed: 0.001 sec  <<< FAILURE!
org.opentest4j.AssertionFailedError: expected: <4> but was: <null>
	at org.junit.jupiter.api.AssertionUtils.fail(AssertionUtils.java:55)
	at org.junit.jupiter.api.AssertionUtils.failNotEqual(AssertionUtils.java:62)
	at org.junit.jupiter.api.AssertEquals.assertEquals(AssertEquals.java:182)
	at org.junit.jupiter.api.AssertEquals.assertEquals(AssertEquals.java:177)
	at org.junit.jupiter.api.Assertions.assertEquals(Assertions.java:517)
	at com.bandtec.exercicios.relacionamento.CarrinhoTest.testRemoverPorNomeQuandoAcionadoComNomeExistenteDeveAlterarTamanhoDaLista(CarrinhoTest.java:144)

