<?xml version="1.0" encoding="UTF-8" ?>
<testsuite tests="21" failures="19" name="com.bandtec.exercicios.relacionamento.CarrinhoTest" time="0.071" errors="0" skipped="0">
  <properties>
[...]
</properties>
  <testcase classname="com.bandtec.exercicios.relacionamento.CarrinhoTest" name="com.bandtec.exercicios.relacionamento.CarrinhoTest.testGetQuantidadePorCategoriaQuandoAcionadoEListaPossui3ProdutosComCategoriaDeveRetornar3" time="0.056">
    <failure message="expected: &lt;3&gt; but was: &lt;null&gt;" type="org.opentest4j.AssertionFailedError">org.opentest4j.AssertionFailedError: expected: &lt;3&gt; but was: &lt;null&gt;
	at org.junit.jupiter.api.AssertionUtils.fail(AssertionUtils.java:55)
	at org.junit.jupiter.api.AssertionUtils.failNotEqual(AssertionUtils.java:62)
	at org.junit.jupiter.api.AssertEquals.assertEquals(AssertEquals.java:182)
	at org.junit.jupiter.api.AssertEquals.assertEquals(AssertEquals.java:177)
	at org.junit.jupiter.api.Assertions.assertEquals(Assertions.java:517)
	at com.bandtec.exercicios.relacionamento.CarrinhoTest.testGetQuantidadePorCategoriaQuandoAcionadoEListaPossui3ProdutosComCategoriaDeveRetornar3(CarrinhoTest.java:85)
</failure>
  </testcase>
  <testcase classname="com.bandtec.exercicios.relacionamento.CarrinhoTest" name="com.bandtec.exercicios.relacionamento.CarrinhoTest.testGetPorNomeQuandoAcionadoEExisteProdutoComNomeInformadoDeveRetornarObjeto" time="0">
    <failure message="expected: &lt;----------PRODUTO----------Nome: Dell G5 15.6Categoria: NotebooksPreço: R$8785,00----------&gt; but was: &lt;null&gt;" type="org.opentest4j.AssertionFailedError">org.opentest4j.AssertionFailedError: expected: &lt;----------PRODUTO----------Nome: Dell G5 15.6Categoria: NotebooksPreço: R$8785,00----------&gt; but was: &lt;null&gt;
	at org.junit.jupiter.api.AssertionUtils.fail(AssertionUtils.java:55)
	at org.junit.jupiter.api.AssertionUtils.failNotEqual(AssertionUtils.java:62)
	at org.junit.jupiter.api.AssertEquals.assertEquals(AssertEquals.java:182)
	at org.junit.jupiter.api.AssertEquals.assertEquals(AssertEquals.java:177)
	at org.junit.jupiter.api.Assertions.assertEquals(Assertions.java:1124)
	at com.bandtec.exercicios.relacionamento.CarrinhoTest.testGetPorNomeQuandoAcionadoEExisteProdutoComNomeInformadoDeveRetornarObjeto(CarrinhoTest.java:151)
</failure>
  </testcase>
  <testcase classname="com.bandtec.exercicios.relacionamento.CarrinhoTest" name="com.bandtec.exercicios.relacionamento.CarrinhoTest.testGetPorNomeQuandoAcionadoENaoExisteProdutoComNomeInformadoDeveRetornarNulo" time="0"/>
  <testcase classname="com.bandtec.exercicios.relacionamento.CarrinhoTest" name="com.bandtec.exercicios.relacionamento.CarrinhoTest.testGetPorNomeQuandoAcionadoComArgumentoNuloDeveRetornarNulo" time="0"/>
  <testcase classname="com.bandtec.exercicios.relacionamento.CarrinhoTest" name="com.bandtec.exercicios.relacionamento.CarrinhoTest.testGetValorTotalQuandoAcionadoEListaEstaVaziaDeveRetorna0" time="0.001">
    <failure message="expected: &lt;0.0&gt; but was: &lt;null&gt;" type="org.opentest4j.AssertionFailedError">org.opentest4j.AssertionFailedError: expected: &lt;0.0&gt; but was: &lt;null&gt;
	at org.junit.jupiter.api.AssertionUtils.fail(AssertionUtils.java:55)
	at org.junit.jupiter.api.AssertionUtils.failNotEqual(AssertionUtils.java:62)
	at org.junit.jupiter.api.AssertEquals.assertEquals(AssertEquals.java:182)
	at org.junit.jupiter.api.AssertEquals.assertEquals(AssertEquals.java:177)
	at org.junit.jupiter.api.Assertions.assertEquals(Assertions.java:877)
	at com.bandtec.exercicios.relacionamento.CarrinhoTest.testGetValorTotalQuandoAcionadoEListaEstaVaziaDeveRetorna0(CarrinhoTest.java:169)
</failure>
  </testcase>
  <testcase classname="com.bandtec.exercicios.relacionamento.CarrinhoTest" name="com.bandtec.exercicios.relacionamento.CarrinhoTest.testGetValorTotalQuandoAcionadoEListaTemTotalDe158695Deve158695" time="0.001">
    <failure message="expected: &lt;15869.5&gt; but was: &lt;null&gt;" type="org.opentest4j.AssertionFailedError">org.opentest4j.AssertionFailedError: expected: &lt;15869.5&gt; but was: &lt;null&gt;
	at org.junit.jupiter.api.AssertionUtils.fail(AssertionUtils.java:55)
	at org.junit.jupiter.api.AssertionUtils.failNotEqual(AssertionUtils.java:62)
	at org.junit.jupiter.api.AssertEquals.assertEquals(AssertEquals.java:182)
	at org.junit.jupiter.api.AssertEquals.assertEquals(AssertEquals.java:177)
	at org.junit.jupiter.api.Assertions.assertEquals(Assertions.java:877)
	at com.bandtec.exercicios.relacionamento.CarrinhoTest.testGetValorTotalQuandoAcionadoEListaTemTotalDe158695Deve158695(CarrinhoTest.java:176)
</failure>
  </testcase>
  <testcase classname="com.bandtec.exercicios.relacionamento.CarrinhoTest" name="com.bandtec.exercicios.relacionamento.CarrinhoTest.testAdicionarQuandoAcionadoComArgumentoNuloTamanhoDaListaNaoAumenta" time="0.001">
    <failure message="expected: &lt;0&gt; but was: &lt;null&gt;" type="org.opentest4j.AssertionFailedError">org.opentest4j.AssertionFailedError: expected: &lt;0&gt; but was: &lt;null&gt;
	at org.junit.jupiter.api.AssertionUtils.fail(AssertionUtils.java:55)
	at org.junit.jupiter.api.AssertionUtils.failNotEqual(AssertionUtils.java:62)
	at org.junit.jupiter.api.AssertEquals.assertEquals(AssertEquals.java:182)
	at org.junit.jupiter.api.AssertEquals.assertEquals(AssertEquals.java:177)
	at org.junit.jupiter.api.Assertions.assertEquals(Assertions.java:517)
	at com.bandtec.exercicios.relacionamento.CarrinhoTest.testAdicionarQuandoAcionadoComArgumentoNuloTamanhoDaListaNaoAumenta(CarrinhoTest.java:33)
</failure>
  </testcase>
  <testcase classname="com.bandtec.exercicios.relacionamento.CarrinhoTest" name="com.bandtec.exercicios.relacionamento.CarrinhoTest.testAdicionarQuandoAcionadoComArgumentoValidoTamanhoDaListaAumenta" time="0.001">
    <failure message="expected: &lt;1&gt; but was: &lt;null&gt;" type="org.opentest4j.AssertionFailedError">org.opentest4j.AssertionFailedError: expected: &lt;1&gt; but was: &lt;null&gt;
	at org.junit.jupiter.api.AssertionUtils.fail(AssertionUtils.java:55)
	at org.junit.jupiter.api.AssertionUtils.failNotEqual(AssertionUtils.java:62)
	at org.junit.jupiter.api.AssertEquals.assertEquals(AssertEquals.java:182)
	at org.junit.jupiter.api.AssertEquals.assertEquals(AssertEquals.java:177)
	at org.junit.jupiter.api.Assertions.assertEquals(Assertions.java:517)
	at com.bandtec.exercicios.relacionamento.CarrinhoTest.testAdicionarQuandoAcionadoComArgumentoValidoTamanhoDaListaAumenta(CarrinhoTest.java:42)
</failure>
  </testcase>
  <testcase classname="com.bandtec.exercicios.relacionamento.CarrinhoTest" name="com.bandtec.exercicios.relacionamento.CarrinhoTest.testAdicionarQuandoAcionadoComArgumentoValidoRepetidoTamanhoDaListaNaoAumenta" time="0.002">
    <failure message="expected: &lt;1&gt; but was: &lt;null&gt;" type="org.opentest4j.AssertionFailedError">org.opentest4j.AssertionFailedError: expected: &lt;1&gt; but was: &lt;null&gt;
	at org.junit.jupiter.api.AssertionUtils.fail(AssertionUtils.java:55)
	at org.junit.jupiter.api.AssertionUtils.failNotEqual(AssertionUtils.java:62)
	at org.junit.jupiter.api.AssertEquals.assertEquals(AssertEquals.java:182)
	at org.junit.jupiter.api.AssertEquals.assertEquals(AssertEquals.java:177)
	at org.junit.jupiter.api.Assertions.assertEquals(Assertions.java:517)
	at com.bandtec.exercicios.relacionamento.CarrinhoTest.testAdicionarQuandoAcionadoComArgumentoValidoRepetidoTamanhoDaListaNaoAumenta(CarrinhoTest.java:52)
</failure>
  </testcase>
  <testcase classname="com.bandtec.exercicios.relacionamento.CarrinhoTest" name="com.bandtec.exercicios.relacionamento.CarrinhoTest.testExistsPorNomeQuandoAcionadoComArgumentoNuloDeveRetornarFalse" time="0">
    <failure type="java.lang.NullPointerException">java.lang.NullPointerException
	at com.bandtec.exercicios.relacionamento.CarrinhoTest.testExistsPorNomeQuandoAcionadoComArgumentoNuloDeveRetornarFalse(CarrinhoTest.java:58)
</failure>
  </testcase>
  <testcase classname="com.bandtec.exercicios.relacionamento.CarrinhoTest" name="com.bandtec.exercicios.relacionamento.CarrinhoTest.testExistsPorNomeQuandoAcionadoComArgumentoNaoExistenteDeveRetornarFalse" time="0.001">
    <failure type="java.lang.NullPointerException">java.lang.NullPointerException
	at com.bandtec.exercicios.relacionamento.CarrinhoTest.testExistsPorNomeQuandoAcionadoComArgumentoNaoExistenteDeveRetornarFalse(CarrinhoTest.java:65)
</failure>
  </testcase>
  <testcase classname="com.bandtec.exercicios.relacionamento.CarrinhoTest" name="com.bandtec.exercicios.relacionamento.CarrinhoTest.testExistsPorNomeQuandoAcionadoComArgumentoExistenteDeveRetornarTrue" time="0.003">
    <failure type="java.lang.NullPointerException">java.lang.NullPointerException
	at com.bandtec.exercicios.relacionamento.CarrinhoTest.testExistsPorNomeQuandoAcionadoComArgumentoExistenteDeveRetornarTrue(CarrinhoTest.java:72)
</failure>
  </testcase>
  <testcase classname="com.bandtec.exercicios.relacionamento.CarrinhoTest" name="com.bandtec.exercicios.relacionamento.CarrinhoTest.testGetQuantidadePorCategoriaQuandoAcionadoEListaEstaVaziaDeveRetornar0" time="0">
    <failure message="expected: &lt;0&gt; but was: &lt;null&gt;" type="org.opentest4j.AssertionFailedError">org.opentest4j.AssertionFailedError: expected: &lt;0&gt; but was: &lt;null&gt;
	at org.junit.jupiter.api.AssertionUtils.fail(AssertionUtils.java:55)
	at org.junit.jupiter.api.AssertionUtils.failNotEqual(AssertionUtils.java:62)
	at org.junit.jupiter.api.AssertEquals.assertEquals(AssertEquals.java:182)
	at org.junit.jupiter.api.AssertEquals.assertEquals(AssertEquals.java:177)
	at org.junit.jupiter.api.Assertions.assertEquals(Assertions.java:517)
	at com.bandtec.exercicios.relacionamento.CarrinhoTest.testGetQuantidadePorCategoriaQuandoAcionadoEListaEstaVaziaDeveRetornar0(CarrinhoTest.java:78)
</failure>
  </testcase>
  <testcase classname="com.bandtec.exercicios.relacionamento.CarrinhoTest" name="com.bandtec.exercicios.relacionamento.CarrinhoTest.testGetQuantidadePorCategoriaQuandoAcionadoComArgumentoNuloDeveRetornar0" time="0">
    <failure message="expected: &lt;0&gt; but was: &lt;null&gt;" type="org.opentest4j.AssertionFailedError">org.opentest4j.AssertionFailedError: expected: &lt;0&gt; but was: &lt;null&gt;
	at org.junit.jupiter.api.AssertionUtils.fail(AssertionUtils.java:55)
	at org.junit.jupiter.api.AssertionUtils.failNotEqual(AssertionUtils.java:62)
	at org.junit.jupiter.api.AssertEquals.assertEquals(AssertEquals.java:182)
	at org.junit.jupiter.api.AssertEquals.assertEquals(AssertEquals.java:177)
	at org.junit.jupiter.api.Assertions.assertEquals(Assertions.java:517)
	at com.bandtec.exercicios.relacionamento.CarrinhoTest.testGetQuantidadePorCategoriaQuandoAcionadoComArgumentoNuloDeveRetornar0(CarrinhoTest.java:92)
</failure>
  </testcase>
  <testcase classname="com.bandtec.exercicios.relacionamento.CarrinhoTest" name="com.bandtec.exercicios.relacionamento.CarrinhoTest.testGetQuantidadeQuandoAcionadoEListaPossui5ItensDeveRetornar5" time="0">
    <failure message="expected: &lt;5&gt; but was: &lt;null&gt;" type="org.opentest4j.AssertionFailedError">org.opentest4j.AssertionFailedError: expected: &lt;5&gt; but was: &lt;null&gt;
	at org.junit.jupiter.api.AssertionUtils.fail(AssertionUtils.java:55)
	at org.junit.jupiter.api.AssertionUtils.failNotEqual(AssertionUtils.java:62)
	at org.junit.jupiter.api.AssertEquals.assertEquals(AssertEquals.java:182)
	at org.junit.jupiter.api.AssertEquals.assertEquals(AssertEquals.java:177)
	at org.junit.jupiter.api.Assertions.assertEquals(Assertions.java:517)
	at com.bandtec.exercicios.relacionamento.CarrinhoTest.testGetQuantidadeQuandoAcionadoEListaPossui5ItensDeveRetornar5(CarrinhoTest.java:99)
</failure>
  </testcase>
  <testcase classname="com.bandtec.exercicios.relacionamento.CarrinhoTest" name="com.bandtec.exercicios.relacionamento.CarrinhoTest.testGetQuantidadeQuandoAcionadoEListaEstaVaziaDeveRetornar0" time="0.001">
    <failure message="expected: &lt;0&gt; but was: &lt;null&gt;" type="org.opentest4j.AssertionFailedError">org.opentest4j.AssertionFailedError: expected: &lt;0&gt; but was: &lt;null&gt;
	at org.junit.jupiter.api.AssertionUtils.fail(AssertionUtils.java:55)
	at org.junit.jupiter.api.AssertionUtils.failNotEqual(AssertionUtils.java:62)
	at org.junit.jupiter.api.AssertEquals.assertEquals(AssertEquals.java:182)
	at org.junit.jupiter.api.AssertEquals.assertEquals(AssertEquals.java:177)
	at org.junit.jupiter.api.Assertions.assertEquals(Assertions.java:517)
	at com.bandtec.exercicios.relacionamento.CarrinhoTest.testGetQuantidadeQuandoAcionadoEListaEstaVaziaDeveRetornar0(CarrinhoTest.java:105)
</failure>
  </testcase>
  <testcase classname="com.bandtec.exercicios.relacionamento.CarrinhoTest" name="com.bandtec.exercicios.relacionamento.CarrinhoTest.testLimparQuandoAcionadoEListaEstaVaziaDeveRetornar0" time="0">
    <failure message="expected: &lt;0&gt; but was: &lt;null&gt;" type="org.opentest4j.AssertionFailedError">org.opentest4j.AssertionFailedError: expected: &lt;0&gt; but was: &lt;null&gt;
	at org.junit.jupiter.api.AssertionUtils.fail(AssertionUtils.java:55)
	at org.junit.jupiter.api.AssertionUtils.failNotEqual(AssertionUtils.java:62)
	at org.junit.jupiter.api.AssertEquals.assertEquals(AssertEquals.java:182)
	at org.junit.jupiter.api.AssertEquals.assertEquals(AssertEquals.java:177)
	at org.junit.jupiter.api.Assertions.assertEquals(Assertions.java:517)
	at com.bandtec.exercicios.relacionamento.CarrinhoTest.testLimparQuandoAcionadoEListaEstaVaziaDeveRetornar0(CarrinhoTest.java:112)
</failure>
  </testcase>
  <testcase classname="com.bandtec.exercicios.relacionamento.CarrinhoTest" name="com.bandtec.exercicios.relacionamento.CarrinhoTest.testLimparQuandoAcionadoEListaContem5ProdutosDeveRetornar0" time="0.001">
    <failure message="expected: &lt;0&gt; but was: &lt;null&gt;" type="org.opentest4j.AssertionFailedError">org.opentest4j.AssertionFailedError: expected: &lt;0&gt; but was: &lt;null&gt;
	at org.junit.jupiter.api.AssertionUtils.fail(AssertionUtils.java:55)
	at org.junit.jupiter.api.AssertionUtils.failNotEqual(AssertionUtils.java:62)
	at org.junit.jupiter.api.AssertEquals.assertEquals(AssertEquals.java:182)
	at org.junit.jupiter.api.AssertEquals.assertEquals(AssertEquals.java:177)
	at org.junit.jupiter.api.Assertions.assertEquals(Assertions.java:517)
	at com.bandtec.exercicios.relacionamento.CarrinhoTest.testLimparQuandoAcionadoEListaContem5ProdutosDeveRetornar0(CarrinhoTest.java:120)
</failure>
  </testcase>
  <testcase classname="com.bandtec.exercicios.relacionamento.CarrinhoTest" name="com.bandtec.exercicios.relacionamento.CarrinhoTest.testRemoverPorNomeQuandoAcionadoComNomeNuloNaoDeveAlterarTamanhoDaLista" time="0.001">
    <failure message="expected: &lt;5&gt; but was: &lt;null&gt;" type="org.opentest4j.AssertionFailedError">org.opentest4j.AssertionFailedError: expected: &lt;5&gt; but was: &lt;null&gt;
	at org.junit.jupiter.api.AssertionUtils.fail(AssertionUtils.java:55)
	at org.junit.jupiter.api.AssertionUtils.failNotEqual(AssertionUtils.java:62)
	at org.junit.jupiter.api.AssertEquals.assertEquals(AssertEquals.java:182)
	at org.junit.jupiter.api.AssertEquals.assertEquals(AssertEquals.java:177)
	at org.junit.jupiter.api.Assertions.assertEquals(Assertions.java:517)
	at com.bandtec.exercicios.relacionamento.CarrinhoTest.testRemoverPorNomeQuandoAcionadoComNomeNuloNaoDeveAlterarTamanhoDaLista(CarrinhoTest.java:128)
</failure>
  </testcase>
  <testcase classname="com.bandtec.exercicios.relacionamento.CarrinhoTest" name="com.bandtec.exercicios.relacionamento.CarrinhoTest.testRemoverPorNomeQuandoAcionadoComNomeNaoExistenteNaoDeveAlterarTamanhoDaLista" time="0.001">
    <failure message="expected: &lt;5&gt; but was: &lt;null&gt;" type="org.opentest4j.AssertionFailedError">org.opentest4j.AssertionFailedError: expected: &lt;5&gt; but was: &lt;null&gt;
	at org.junit.jupiter.api.AssertionUtils.fail(AssertionUtils.java:55)
	at org.junit.jupiter.api.AssertionUtils.failNotEqual(AssertionUtils.java:62)
	at org.junit.jupiter.api.AssertEquals.assertEquals(AssertEquals.java:182)
	at org.junit.jupiter.api.AssertEquals.assertEquals(AssertEquals.java:177)
	at org.junit.jupiter.api.Assertions.assertEquals(Assertions.java:517)
	at com.bandtec.exercicios.relacionamento.CarrinhoTest.testRemoverPorNomeQuandoAcionadoComNomeNaoExistenteNaoDeveAlterarTamanhoDaLista(CarrinhoTest.java:136)
</failure>
  </testcase>
  <testcase classname="com.bandtec.exercicios.relacionamento.CarrinhoTest" name="com.bandtec.exercicios.relacionamento.CarrinhoTest.testRemoverPorNomeQuandoAcionadoComNomeExistenteDeveAlterarTamanhoDaLista" time="0.001">
    <failure message="expected: &lt;4&gt; but was: &lt;null&gt;" type="org.opentest4j.AssertionFailedError">org.opentest4j.AssertionFailedError: expected: &lt;4&gt; but was: &lt;null&gt;
	at org.junit.jupiter.api.AssertionUtils.fail(AssertionUtils.java:55)
	at org.junit.jupiter.api.AssertionUtils.failNotEqual(AssertionUtils.java:62)
	at org.junit.jupiter.api.AssertEquals.assertEquals(AssertEquals.java:182)
	at org.junit.jupiter.api.AssertEquals.assertEquals(AssertEquals.java:177)
	at org.junit.jupiter.api.Assertions.assertEquals(Assertions.java:517)
	at com.bandtec.exercicios.relacionamento.CarrinhoTest.testRemoverPorNomeQuandoAcionadoComNomeExistenteDeveAlterarTamanhoDaLista(CarrinhoTest.java:144)
</failure>
  </testcase>
</testsuite>