<?xml version="1.0" encoding="UTF-8" ?>
<testsuite tests="21" failures="19" name="com.bandtec.exercicios.relacionamento.CarrinhoTest" time="0.071" errors="0" skipped="0">
  <properties>
    <property name="java.runtime.name" value="Java(TM) SE Runtime Environment"/>
    <property name="java.vm.version" value="11.0.9+7-LTS"/>
    <property name="sun.boot.library.path" value="/home/diego/.dvm/lang/java/current/lib"/>
    <property name="user.country.format" value="BR"/>
    <property name="maven.multiModuleProjectDirectory" value="/home/diego/NetBeansProjects/exercicios-lista-carrinho-incompleto"/>
    <property name="java.vm.vendor" value="Oracle Corporation"/>
    <property name="java.vendor.url" value="https://openjdk.java.net/"/>
    <property name="guice.disable.misplaced.annotation.check" value="true"/>
    <property name="path.separator" value=":"/>
    <property name="java.vm.name" value="Java HotSpot(TM) 64-Bit Server VM"/>
    <property name="sun.os.patch.level" value="unknown"/>
    <property name="user.country" value="US"/>
    <property name="sun.java.launcher" value="SUN_STANDARD"/>
    <property name="test" value="com.bandtec.exercicios.relacionamento.CarrinhoTest"/>
    <property name="java.vm.specification.name" value="Java Virtual Machine Specification"/>
    <property name="user.dir" value="/home/diego/NetBeansProjects/exercicios-lista-carrinho-incompleto"/>
    <property name="java.vm.compressedOopsMode" value="32-bit"/>
    <property name="java.runtime.version" value="11.0.9+7-LTS"/>
    <property name="java.awt.graphicsenv" value="sun.awt.X11GraphicsEnvironment"/>
    <property name="os.arch" value="amd64"/>
    <property name="java.io.tmpdir" value="/tmp"/>
    <property name="line.separator" value="
"/>
    <property name="java.vm.specification.vendor" value="Oracle Corporation"/>
    <property name="os.name" value="Linux"/>
    <property name="maven.ext.class.path" value="/home/diego/softwares/netbeans-12.0/netbeans/java/maven-nblib/netbeans-eventspy.jar"/>
    <property name="classworlds.conf" value="/home/diego/softwares/netbeans-12.0/netbeans/java/maven/bin/m2.conf"/>
    <property name="sun.jnu.encoding" value="UTF-8"/>
    <property name="java.library.path" value="/usr/java/packages/lib:/usr/lib64:/lib64:/lib:/usr/lib"/>
    <property name="maven.conf" value="/home/diego/softwares/netbeans-12.0/netbeans/java/maven/conf"/>
    <property name="jdk.debug" value="release"/>
    <property name="java.class.version" value="55.0"/>
    <property name="java.specification.name" value="Java Platform API Specification"/>
    <property name="sun.management.compiler" value="HotSpot 64-Bit Tiered Compilers"/>
    <property name="os.version" value="5.11.0-38-generic"/>
    <property name="library.jansi.path" value="/home/diego/softwares/netbeans-12.0/netbeans/java/maven/lib/jansi-native"/>
    <property name="user.home" value="/home/diego"/>
    <property name="user.timezone" value="America/Sao_Paulo"/>
    <property name="java.awt.printerjob" value="sun.print.PSPrinterJob"/>
    <property name="file.encoding" value="UTF-8"/>
    <property name="java.specification.version" value="11"/>
    <property name="user.name" value="diego"/>
    <property name="java.class.path" value="/home/diego/softwares/netbeans-12.0/netbeans/java/maven/boot/plexus-classworlds-2.6.0.jar"/>
    <property name="java.vm.specification.version" value="11"/>
    <property name="sun.arch.data.model" value="64"/>
    <property name="sun.java.command" value="org.codehaus.plexus.classworlds.launcher.Launcher -Dtest=com.bandtec.exercicios.relacionamento.CarrinhoTest -Dmaven.ext.class.path=/home/diego/softwares/netbeans-12.0/netbeans/java/maven-nblib/netbeans-eventspy.jar surefire:test"/>
    <property name="java.home" value="/home/diego/.dvm/lang/java/current"/>
    <property name="user.language" value="en"/>
    <property name="java.specification.vendor" value="Oracle Corporation"/>
    <property name="user.language.format" value="pt"/>
    <property name="awt.toolkit" value="sun.awt.X11.XToolkit"/>
    <property name="java.vm.info" value="mixed mode"/>
    <property name="java.version" value="11.0.9"/>
    <property name="securerandom.source" value="file:/dev/./urandom"/>
    <property name="java.vendor" value="Oracle Corporation"/>
    <property name="maven.home" value="/home/diego/softwares/netbeans-12.0/netbeans/java/maven"/>
    <property name="file.separator" value="/"/>
    <property name="java.version.date" value="2020-10-20"/>
    <property name="java.vendor.url.bug" value="https://bugreport.java.com/bugreport/"/>
    <property name="sun.io.unicode.encoding" value="UnicodeLittle"/>
    <property name="sun.cpu.endian" value="little"/>
    <property name="java.vendor.version" value="18.9"/>
    <property name="sun.desktop" value="gnome"/>
    <property name="sun.cpu.isalist" value=""/>
  </properties>
  <testcase classname="com.bandtec.exercicios.relacionamento.CarrinhoTest" name="com.bandtec.exercicios.relacionamento.CarrinhoTest.testGetQuantidadePorCategoriaQuandoAcionadoEListaPossui3ProdutosComCategoriaDeveRetornar3" time="0.056">
    <failure message="expected: &lt;3&gt; but was: &lt;null&gt;" type="org.opentest4j.AssertionFailedError">org.opentest4j.AssertionFailedError: expected: &lt;3&gt; but was: &lt;null&gt;
	at org.junit.jupiter.api.AssertionUtils.fail(AssertionUtils.java:55)
	at org.junit.jupiter.api.AssertionUtils.failNotEqual(AssertionUtils.java:62)
	at org.junit.jupiter.api.AssertEquals.assertEquals(AssertEquals.java:182)
	at org.junit.jupiter.api.AssertEquals.assertEquals(AssertEquals.java:177)
	at org.junit.jupiter.api.Assertions.assertEquals(Assertions.java:517)
	at com.bandtec.exercicios.relacionamento.CarrinhoTest.testGetQuantidadePorCategoriaQuandoAcionadoEListaPossui3ProdutosComCategoriaDeveRetornar3(CarrinhoTest.java:85)
</failure>
  </testcase>
  <testcase classname="com.bandtec.exercicios.relacionamento.CarrinhoTest" name="com.bandtec.exercicios.relacionamento.CarrinhoTest.testGetPorNomeQuandoAcionadoEExisteProdutoComNomeInformadoDeveRetornarObjeto" time="0">
    <failure message="expected: &lt;----------PRODUTO----------Nome: Dell G5 15.6Categoria: NotebooksPreço: R$8785,00----------&gt; but was: &lt;null&gt;" type="org.opentest4j.AssertionFailedError">org.opentest4j.AssertionFailedError: expected: &lt;----------PRODUTO----------Nome: Dell G5 15.6Categoria: NotebooksPreço: R$8785,00----------&gt; but was: &lt;null&gt;
	at org.junit.jupiter.api.AssertionUtils.fail(AssertionUtils.java:55)
	at org.junit.jupiter.api.AssertionUtils.failNotEqual(AssertionUtils.java:62)
	at org.junit.jupiter.api.AssertEquals.assertEquals(AssertEquals.java:182)
	at org.junit.jupiter.api.AssertEquals.assertEquals(AssertEquals.java:177)
	at org.junit.jupiter.api.Assertions.assertEquals(Assertions.java:1124)
	at com.bandtec.exercicios.relacionamento.CarrinhoTest.testGetPorNomeQuandoAcionadoEExisteProdutoComNomeInformadoDeveRetornarObjeto(CarrinhoTest.java:151)
</failure>
  </testcase>
  <testcase classname="com.bandtec.exercicios.relacionamento.CarrinhoTest" name="com.bandtec.exercicios.relacionamento.CarrinhoTest.testGetPorNomeQuandoAcionadoENaoExisteProdutoComNomeInformadoDeveRetornarNulo" time="0"/>
  <testcase classname="com.bandtec.exercicios.relacionamento.CarrinhoTest" name="com.bandtec.exercicios.relacionamento.CarrinhoTest.testGetPorNomeQuandoAcionadoComArgumentoNuloDeveRetornarNulo" time="0"/>
  <testcase classname="com.bandtec.exercicios.relacionamento.CarrinhoTest" name="com.bandtec.exercicios.relacionamento.CarrinhoTest.testGetValorTotalQuandoAcionadoEListaEstaVaziaDeveRetorna0" time="0.001">
    <failure message="expected: &lt;0.0&gt; but was: &lt;null&gt;" type="org.opentest4j.AssertionFailedError">org.opentest4j.AssertionFailedError: expected: &lt;0.0&gt; but was: &lt;null&gt;
	at org.junit.jupiter.api.AssertionUtils.fail(AssertionUtils.java:55)
	at org.junit.jupiter.api.AssertionUtils.failNotEqual(AssertionUtils.java:62)
	at org.junit.jupiter.api.AssertEquals.assertEquals(AssertEquals.java:182)
	at org.junit.jupiter.api.AssertEquals.assertEquals(AssertEquals.java:177)
	at org.junit.jupiter.api.Assertions.assertEquals(Assertions.java:877)
	at com.bandtec.exercicios.relacionamento.CarrinhoTest.testGetValorTotalQuandoAcionadoEListaEstaVaziaDeveRetorna0(CarrinhoTest.java:169)
</failure>
  </testcase>
  <testcase classname="com.bandtec.exercicios.relacionamento.CarrinhoTest" name="com.bandtec.exercicios.relacionamento.CarrinhoTest.testGetValorTotalQuandoAcionadoEListaTemTotalDe158695Deve158695" time="0.001">
    <failure message="expected: &lt;15869.5&gt; but was: &lt;null&gt;" type="org.opentest4j.AssertionFailedError">org.opentest4j.AssertionFailedError: expected: &lt;15869.5&gt; but was: &lt;null&gt;
	at org.junit.jupiter.api.AssertionUtils.fail(AssertionUtils.java:55)
	at org.junit.jupiter.api.AssertionUtils.failNotEqual(AssertionUtils.java:62)
	at org.junit.jupiter.api.AssertEquals.assertEquals(AssertEquals.java:182)
	at org.junit.jupiter.api.AssertEquals.assertEquals(AssertEquals.java:177)
	at org.junit.jupiter.api.Assertions.assertEquals(Assertions.java:877)
	at com.bandtec.exercicios.relacionamento.CarrinhoTest.testGetValorTotalQuandoAcionadoEListaTemTotalDe158695Deve158695(CarrinhoTest.java:176)
</failure>
  </testcase>
  <testcase classname="com.bandtec.exercicios.relacionamento.CarrinhoTest" name="com.bandtec.exercicios.relacionamento.CarrinhoTest.testAdicionarQuandoAcionadoComArgumentoNuloTamanhoDaListaNaoAumenta" time="0.001">
    <failure message="expected: &lt;0&gt; but was: &lt;null&gt;" type="org.opentest4j.AssertionFailedError">org.opentest4j.AssertionFailedError: expected: &lt;0&gt; but was: &lt;null&gt;
	at org.junit.jupiter.api.AssertionUtils.fail(AssertionUtils.java:55)
	at org.junit.jupiter.api.AssertionUtils.failNotEqual(AssertionUtils.java:62)
	at org.junit.jupiter.api.AssertEquals.assertEquals(AssertEquals.java:182)
	at org.junit.jupiter.api.AssertEquals.assertEquals(AssertEquals.java:177)
	at org.junit.jupiter.api.Assertions.assertEquals(Assertions.java:517)
	at com.bandtec.exercicios.relacionamento.CarrinhoTest.testAdicionarQuandoAcionadoComArgumentoNuloTamanhoDaListaNaoAumenta(CarrinhoTest.java:33)
</failure>
  </testcase>
  <testcase classname="com.bandtec.exercicios.relacionamento.CarrinhoTest" name="com.bandtec.exercicios.relacionamento.CarrinhoTest.testAdicionarQuandoAcionadoComArgumentoValidoTamanhoDaListaAumenta" time="0.001">
    <failure message="expected: &lt;1&gt; but was: &lt;null&gt;" type="org.opentest4j.AssertionFailedError">org.opentest4j.AssertionFailedError: expected: &lt;1&gt; but was: &lt;null&gt;
	at org.junit.jupiter.api.AssertionUtils.fail(AssertionUtils.java:55)
	at org.junit.jupiter.api.AssertionUtils.failNotEqual(AssertionUtils.java:62)
	at org.junit.jupiter.api.AssertEquals.assertEquals(AssertEquals.java:182)
	at org.junit.jupiter.api.AssertEquals.assertEquals(AssertEquals.java:177)
	at org.junit.jupiter.api.Assertions.assertEquals(Assertions.java:517)
	at com.bandtec.exercicios.relacionamento.CarrinhoTest.testAdicionarQuandoAcionadoComArgumentoValidoTamanhoDaListaAumenta(CarrinhoTest.java:42)
</failure>
  </testcase>
  <testcase classname="com.bandtec.exercicios.relacionamento.CarrinhoTest" name="com.bandtec.exercicios.relacionamento.CarrinhoTest.testAdicionarQuandoAcionadoComArgumentoValidoRepetidoTamanhoDaListaNaoAumenta" time="0.002">
    <failure message="expected: &lt;1&gt; but was: &lt;null&gt;" type="org.opentest4j.AssertionFailedError">org.opentest4j.AssertionFailedError: expected: &lt;1&gt; but was: &lt;null&gt;
	at org.junit.jupiter.api.AssertionUtils.fail(AssertionUtils.java:55)
	at org.junit.jupiter.api.AssertionUtils.failNotEqual(AssertionUtils.java:62)
	at org.junit.jupiter.api.AssertEquals.assertEquals(AssertEquals.java:182)
	at org.junit.jupiter.api.AssertEquals.assertEquals(AssertEquals.java:177)
	at org.junit.jupiter.api.Assertions.assertEquals(Assertions.java:517)
	at com.bandtec.exercicios.relacionamento.CarrinhoTest.testAdicionarQuandoAcionadoComArgumentoValidoRepetidoTamanhoDaListaNaoAumenta(CarrinhoTest.java:52)
</failure>
  </testcase>
  <testcase classname="com.bandtec.exercicios.relacionamento.CarrinhoTest" name="com.bandtec.exercicios.relacionamento.CarrinhoTest.testExistsPorNomeQuandoAcionadoComArgumentoNuloDeveRetornarFalse" time="0">
    <failure type="java.lang.NullPointerException">java.lang.NullPointerException
	at com.bandtec.exercicios.relacionamento.CarrinhoTest.testExistsPorNomeQuandoAcionadoComArgumentoNuloDeveRetornarFalse(CarrinhoTest.java:58)
</failure>
  </testcase>
  <testcase classname="com.bandtec.exercicios.relacionamento.CarrinhoTest" name="com.bandtec.exercicios.relacionamento.CarrinhoTest.testExistsPorNomeQuandoAcionadoComArgumentoNaoExistenteDeveRetornarFalse" time="0.001">
    <failure type="java.lang.NullPointerException">java.lang.NullPointerException
	at com.bandtec.exercicios.relacionamento.CarrinhoTest.testExistsPorNomeQuandoAcionadoComArgumentoNaoExistenteDeveRetornarFalse(CarrinhoTest.java:65)
</failure>
  </testcase>
  <testcase classname="com.bandtec.exercicios.relacionamento.CarrinhoTest" name="com.bandtec.exercicios.relacionamento.CarrinhoTest.testExistsPorNomeQuandoAcionadoComArgumentoExistenteDeveRetornarTrue" time="0.003">
    <failure type="java.lang.NullPointerException">java.lang.NullPointerException
	at com.bandtec.exercicios.relacionamento.CarrinhoTest.testExistsPorNomeQuandoAcionadoComArgumentoExistenteDeveRetornarTrue(CarrinhoTest.java:72)
</failure>
  </testcase>
  <testcase classname="com.bandtec.exercicios.relacionamento.CarrinhoTest" name="com.bandtec.exercicios.relacionamento.CarrinhoTest.testGetQuantidadePorCategoriaQuandoAcionadoEListaEstaVaziaDeveRetornar0" time="0">
    <failure message="expected: &lt;0&gt; but was: &lt;null&gt;" type="org.opentest4j.AssertionFailedError">org.opentest4j.AssertionFailedError: expected: &lt;0&gt; but was: &lt;null&gt;
	at org.junit.jupiter.api.AssertionUtils.fail(AssertionUtils.java:55)
	at org.junit.jupiter.api.AssertionUtils.failNotEqual(AssertionUtils.java:62)
	at org.junit.jupiter.api.AssertEquals.assertEquals(AssertEquals.java:182)
	at org.junit.jupiter.api.AssertEquals.assertEquals(AssertEquals.java:177)
	at org.junit.jupiter.api.Assertions.assertEquals(Assertions.java:517)
	at com.bandtec.exercicios.relacionamento.CarrinhoTest.testGetQuantidadePorCategoriaQuandoAcionadoEListaEstaVaziaDeveRetornar0(CarrinhoTest.java:78)
</failure>
  </testcase>
  <testcase classname="com.bandtec.exercicios.relacionamento.CarrinhoTest" name="com.bandtec.exercicios.relacionamento.CarrinhoTest.testGetQuantidadePorCategoriaQuandoAcionadoComArgumentoNuloDeveRetornar0" time="0">
    <failure message="expected: &lt;0&gt; but was: &lt;null&gt;" type="org.opentest4j.AssertionFailedError">org.opentest4j.AssertionFailedError: expected: &lt;0&gt; but was: &lt;null&gt;
	at org.junit.jupiter.api.AssertionUtils.fail(AssertionUtils.java:55)
	at org.junit.jupiter.api.AssertionUtils.failNotEqual(AssertionUtils.java:62)
	at org.junit.jupiter.api.AssertEquals.assertEquals(AssertEquals.java:182)
	at org.junit.jupiter.api.AssertEquals.assertEquals(AssertEquals.java:177)
	at org.junit.jupiter.api.Assertions.assertEquals(Assertions.java:517)
	at com.bandtec.exercicios.relacionamento.CarrinhoTest.testGetQuantidadePorCategoriaQuandoAcionadoComArgumentoNuloDeveRetornar0(CarrinhoTest.java:92)
</failure>
  </testcase>
  <testcase classname="com.bandtec.exercicios.relacionamento.CarrinhoTest" name="com.bandtec.exercicios.relacionamento.CarrinhoTest.testGetQuantidadeQuandoAcionadoEListaPossui5ItensDeveRetornar5" time="0">
    <failure message="expected: &lt;5&gt; but was: &lt;null&gt;" type="org.opentest4j.AssertionFailedError">org.opentest4j.AssertionFailedError: expected: &lt;5&gt; but was: &lt;null&gt;
	at org.junit.jupiter.api.AssertionUtils.fail(AssertionUtils.java:55)
	at org.junit.jupiter.api.AssertionUtils.failNotEqual(AssertionUtils.java:62)
	at org.junit.jupiter.api.AssertEquals.assertEquals(AssertEquals.java:182)
	at org.junit.jupiter.api.AssertEquals.assertEquals(AssertEquals.java:177)
	at org.junit.jupiter.api.Assertions.assertEquals(Assertions.java:517)
	at com.bandtec.exercicios.relacionamento.CarrinhoTest.testGetQuantidadeQuandoAcionadoEListaPossui5ItensDeveRetornar5(CarrinhoTest.java:99)
</failure>
  </testcase>
  <testcase classname="com.bandtec.exercicios.relacionamento.CarrinhoTest" name="com.bandtec.exercicios.relacionamento.CarrinhoTest.testGetQuantidadeQuandoAcionadoEListaEstaVaziaDeveRetornar0" time="0.001">
    <failure message="expected: &lt;0&gt; but was: &lt;null&gt;" type="org.opentest4j.AssertionFailedError">org.opentest4j.AssertionFailedError: expected: &lt;0&gt; but was: &lt;null&gt;
	at org.junit.jupiter.api.AssertionUtils.fail(AssertionUtils.java:55)
	at org.junit.jupiter.api.AssertionUtils.failNotEqual(AssertionUtils.java:62)
	at org.junit.jupiter.api.AssertEquals.assertEquals(AssertEquals.java:182)
	at org.junit.jupiter.api.AssertEquals.assertEquals(AssertEquals.java:177)
	at org.junit.jupiter.api.Assertions.assertEquals(Assertions.java:517)
	at com.bandtec.exercicios.relacionamento.CarrinhoTest.testGetQuantidadeQuandoAcionadoEListaEstaVaziaDeveRetornar0(CarrinhoTest.java:105)
</failure>
  </testcase>
  <testcase classname="com.bandtec.exercicios.relacionamento.CarrinhoTest" name="com.bandtec.exercicios.relacionamento.CarrinhoTest.testLimparQuandoAcionadoEListaEstaVaziaDeveRetornar0" time="0">
    <failure message="expected: &lt;0&gt; but was: &lt;null&gt;" type="org.opentest4j.AssertionFailedError">org.opentest4j.AssertionFailedError: expected: &lt;0&gt; but was: &lt;null&gt;
	at org.junit.jupiter.api.AssertionUtils.fail(AssertionUtils.java:55)
	at org.junit.jupiter.api.AssertionUtils.failNotEqual(AssertionUtils.java:62)
	at org.junit.jupiter.api.AssertEquals.assertEquals(AssertEquals.java:182)
	at org.junit.jupiter.api.AssertEquals.assertEquals(AssertEquals.java:177)
	at org.junit.jupiter.api.Assertions.assertEquals(Assertions.java:517)
	at com.bandtec.exercicios.relacionamento.CarrinhoTest.testLimparQuandoAcionadoEListaEstaVaziaDeveRetornar0(CarrinhoTest.java:112)
</failure>
  </testcase>
  <testcase classname="com.bandtec.exercicios.relacionamento.CarrinhoTest" name="com.bandtec.exercicios.relacionamento.CarrinhoTest.testLimparQuandoAcionadoEListaContem5ProdutosDeveRetornar0" time="0.001">
    <failure message="expected: &lt;0&gt; but was: &lt;null&gt;" type="org.opentest4j.AssertionFailedError">org.opentest4j.AssertionFailedError: expected: &lt;0&gt; but was: &lt;null&gt;
	at org.junit.jupiter.api.AssertionUtils.fail(AssertionUtils.java:55)
	at org.junit.jupiter.api.AssertionUtils.failNotEqual(AssertionUtils.java:62)
	at org.junit.jupiter.api.AssertEquals.assertEquals(AssertEquals.java:182)
	at org.junit.jupiter.api.AssertEquals.assertEquals(AssertEquals.java:177)
	at org.junit.jupiter.api.Assertions.assertEquals(Assertions.java:517)
	at com.bandtec.exercicios.relacionamento.CarrinhoTest.testLimparQuandoAcionadoEListaContem5ProdutosDeveRetornar0(CarrinhoTest.java:120)
</failure>
  </testcase>
  <testcase classname="com.bandtec.exercicios.relacionamento.CarrinhoTest" name="com.bandtec.exercicios.relacionamento.CarrinhoTest.testRemoverPorNomeQuandoAcionadoComNomeNuloNaoDeveAlterarTamanhoDaLista" time="0.001">
    <failure message="expected: &lt;5&gt; but was: &lt;null&gt;" type="org.opentest4j.AssertionFailedError">org.opentest4j.AssertionFailedError: expected: &lt;5&gt; but was: &lt;null&gt;
	at org.junit.jupiter.api.AssertionUtils.fail(AssertionUtils.java:55)
	at org.junit.jupiter.api.AssertionUtils.failNotEqual(AssertionUtils.java:62)
	at org.junit.jupiter.api.AssertEquals.assertEquals(AssertEquals.java:182)
	at org.junit.jupiter.api.AssertEquals.assertEquals(AssertEquals.java:177)
	at org.junit.jupiter.api.Assertions.assertEquals(Assertions.java:517)
	at com.bandtec.exercicios.relacionamento.CarrinhoTest.testRemoverPorNomeQuandoAcionadoComNomeNuloNaoDeveAlterarTamanhoDaLista(CarrinhoTest.java:128)
</failure>
  </testcase>
  <testcase classname="com.bandtec.exercicios.relacionamento.CarrinhoTest" name="com.bandtec.exercicios.relacionamento.CarrinhoTest.testRemoverPorNomeQuandoAcionadoComNomeNaoExistenteNaoDeveAlterarTamanhoDaLista" time="0.001">
    <failure message="expected: &lt;5&gt; but was: &lt;null&gt;" type="org.opentest4j.AssertionFailedError">org.opentest4j.AssertionFailedError: expected: &lt;5&gt; but was: &lt;null&gt;
	at org.junit.jupiter.api.AssertionUtils.fail(AssertionUtils.java:55)
	at org.junit.jupiter.api.AssertionUtils.failNotEqual(AssertionUtils.java:62)
	at org.junit.jupiter.api.AssertEquals.assertEquals(AssertEquals.java:182)
	at org.junit.jupiter.api.AssertEquals.assertEquals(AssertEquals.java:177)
	at org.junit.jupiter.api.Assertions.assertEquals(Assertions.java:517)
	at com.bandtec.exercicios.relacionamento.CarrinhoTest.testRemoverPorNomeQuandoAcionadoComNomeNaoExistenteNaoDeveAlterarTamanhoDaLista(CarrinhoTest.java:136)
</failure>
  </testcase>
  <testcase classname="com.bandtec.exercicios.relacionamento.CarrinhoTest" name="com.bandtec.exercicios.relacionamento.CarrinhoTest.testRemoverPorNomeQuandoAcionadoComNomeExistenteDeveAlterarTamanhoDaLista" time="0.001">
    <failure message="expected: &lt;4&gt; but was: &lt;null&gt;" type="org.opentest4j.AssertionFailedError">org.opentest4j.AssertionFailedError: expected: &lt;4&gt; but was: &lt;null&gt;
	at org.junit.jupiter.api.AssertionUtils.fail(AssertionUtils.java:55)
	at org.junit.jupiter.api.AssertionUtils.failNotEqual(AssertionUtils.java:62)
	at org.junit.jupiter.api.AssertEquals.assertEquals(AssertEquals.java:182)
	at org.junit.jupiter.api.AssertEquals.assertEquals(AssertEquals.java:177)
	at org.junit.jupiter.api.Assertions.assertEquals(Assertions.java:517)
	at com.bandtec.exercicios.relacionamento.CarrinhoTest.testRemoverPorNomeQuandoAcionadoComNomeExistenteDeveAlterarTamanhoDaLista(CarrinhoTest.java:144)
</failure>
  </testcase>
</testsuite>